<?xml version="1.0" encoding="UTF-8"?>
<testsuite xmlns:xsi="http://www.w3.org/2001/XMLSchema-instance" xsi:noNamespaceSchemaLocation="https://maven.apache.org/surefire/maven-surefire-plugin/xsd/surefire-test-report.xsd" name="ru.netology.RadioTest" time="0.047" tests="12" errors="0" skipped="0" failures="0">
  <properties>
[...]
</properties>
  <testcase name="ShouldNotIncreaseVolume" classname="ru.netology.RadioTest" time="0.02"/>
  <testcase name="shouldGetCurrentRadiostation" classname="ru.netology.RadioTest" time="0"/>
  <testcase name="shouldSwitchNextRadioStationOverLimit" classname="ru.netology.RadioTest" time="0"/>
  <testcase name="shouldSwitchNextRadioStation" classname="ru.netology.RadioTest" time="0"/>
  <testcase name="shouldSwitchPrevRadiostation" classname="ru.netology.RadioTest" time="0.001"/>
  <testcase name="ShouldNotDecreaseVolume" classname="ru.netology.RadioTest" time="0"/>
  <testcase name="ShouldIncreaseVolume" classname="ru.netology.RadioTest" time="0"/>
  <testcase name="ShouldDecreaseVolume" classname="ru.netology.RadioTest" time="0.001"/>
  <testcase name="ShouldSwitchVolume" classname="ru.netology.RadioTest" time="0"/>
  <testcase name="shouldNotGetCurrentRadiostationUnderLimit" classname="ru.netology.RadioTest" time="0.007"/>
  <testcase name="shouldSwitchPrevRadiostationUnderLimit" classname="ru.netology.RadioTest" time="0"/>
  <testcase name="shouldNotGetCurrentRadiostationOverLimit" classname="ru.netology.RadioTest" time="0"/>
</testsuite>